execve("/home/muppetjones/Dropbox/bin/griddock", ["/home/muppetjones/Dropbox/bin/gr"...], [/* 40 vars */]) = 0
brk(0)                                  = 0x1035000
access("/etc/ld.so.nohwcap", F_OK)      = -1 ENOENT (No such file or directory)
mmap(NULL, 8192, PROT_READ|PROT_WRITE, MAP_PRIVATE|MAP_ANONYMOUS, -1, 0) = 0x7f4f61623000
access("/etc/ld.so.preload", R_OK)      = -1 ENOENT (No such file or directory)
open("/etc/ld.so.cache", O_RDONLY)      = 3
fstat(3, {st_mode=S_IFREG|0644, st_size=116884, ...}) = 0
mmap(NULL, 116884, PROT_READ, MAP_PRIVATE, 3, 0) = 0x7f4f61606000
close(3)                                = 0
access("/etc/ld.so.nohwcap", F_OK)      = -1 ENOENT (No such file or directory)
open("/lib/tls/x86_64/libgridcommon.so.1", O_RDONLY) = -1 ENOENT (No such file or directory)
stat("/lib/tls/x86_64", 0x7fff21ed1e40) = -1 ENOENT (No such file or directory)
open("/lib/tls/libgridcommon.so.1", O_RDONLY) = -1 ENOENT (No such file or directory)
stat("/lib/tls", 0x7fff21ed1e40)        = -1 ENOENT (No such file or directory)
open("/lib/x86_64/libgridcommon.so.1", O_RDONLY) = -1 ENOENT (No such file or directory)
stat("/lib/x86_64", 0x7fff21ed1e40)     = -1 ENOENT (No such file or directory)
open("/lib/libgridcommon.so.1", O_RDONLY) = -1 ENOENT (No such file or directory)
stat("/lib", {st_mode=S_IFDIR|0755, st_size=12288, ...}) = 0
open("/usr/lib/tls/x86_64/libgridcommon.so.1", O_RDONLY) = -1 ENOENT (No such file or directory)
stat("/usr/lib/tls/x86_64", 0x7fff21ed1e40) = -1 ENOENT (No such file or directory)
open("/usr/lib/tls/libgridcommon.so.1", O_RDONLY) = -1 ENOENT (No such file or directory)
stat("/usr/lib/tls", 0x7fff21ed1e40)    = -1 ENOENT (No such file or directory)
open("/usr/lib/x86_64/libgridcommon.so.1", O_RDONLY) = -1 ENOENT (No such file or directory)
stat("/usr/lib/x86_64", 0x7fff21ed1e40) = -1 ENOENT (No such file or directory)
open("/usr/lib/libgridcommon.so.1", O_RDONLY) = -1 ENOENT (No such file or directory)
stat("/usr/lib", {st_mode=S_IFDIR|0755, st_size=69632, ...}) = 0
open("/lib/x86_64-linux-gnu/tls/x86_64/libgridcommon.so.1", O_RDONLY) = -1 ENOENT (No such file or directory)
stat("/lib/x86_64-linux-gnu/tls/x86_64", 0x7fff21ed1e40) = -1 ENOENT (No such file or directory)
open("/lib/x86_64-linux-gnu/tls/libgridcommon.so.1", O_RDONLY) = -1 ENOENT (No such file or directory)
stat("/lib/x86_64-linux-gnu/tls", 0x7fff21ed1e40) = -1 ENOENT (No such file or directory)
open("/lib/x86_64-linux-gnu/x86_64/libgridcommon.so.1", O_RDONLY) = -1 ENOENT (No such file or directory)
stat("/lib/x86_64-linux-gnu/x86_64", 0x7fff21ed1e40) = -1 ENOENT (No such file or directory)
open("/lib/x86_64-linux-gnu/libgridcommon.so.1", O_RDONLY) = -1 ENOENT (No such file or directory)
stat("/lib/x86_64-linux-gnu", 0x7fff21ed1e40) = -1 ENOENT (No such file or directory)
open("/usr/lib/x86_64-linux-gnu/tls/x86_64/libgridcommon.so.1", O_RDONLY) = -1 ENOENT (No such file or directory)
stat("/usr/lib/x86_64-linux-gnu/tls/x86_64", 0x7fff21ed1e40) = -1 ENOENT (No such file or directory)
open("/usr/lib/x86_64-linux-gnu/tls/libgridcommon.so.1", O_RDONLY) = -1 ENOENT (No such file or directory)
stat("/usr/lib/x86_64-linux-gnu/tls", 0x7fff21ed1e40) = -1 ENOENT (No such file or directory)
open("/usr/lib/x86_64-linux-gnu/x86_64/libgridcommon.so.1", O_RDONLY) = -1 ENOENT (No such file or directory)
stat("/usr/lib/x86_64-linux-gnu/x86_64", 0x7fff21ed1e40) = -1 ENOENT (No such file or directory)
open("/usr/lib/x86_64-linux-gnu/libgridcommon.so.1", O_RDONLY) = -1 ENOENT (No such file or directory)
stat("/usr/lib/x86_64-linux-gnu", {st_mode=S_IFDIR|0755, st_size=4096, ...}) = 0
writev(2, [{"/home/muppetjones/Dropbox/bin/gr"..., 38}, {": ", 2}, {"error while loading shared libra"..., 36}, {": ", 2}, {"libgridcommon.so.1", 18}, {": ", 2}, {"cannot open shared object file", 30}, {": ", 2}, {"No such file or directory", 25}, {"\n", 1}], 10) = 156
exit_group(127)                         = ?
